<?xml version="1.0" encoding="UTF-8"?>
<!-- Generated by org.testng.reporters.JUnitReportReporter -->
<testsuite skipped="0" hostname="DESKTOP-65RRAID" name="test.Personalinfo1test" tests="1" failures="0" timestamp="2021-03-18T17:40:55 EDT" time="25.043" errors="0">
  <testcase name="usershouldbeabletofilloutform2" time="25.043" classname="test.Personalinfo1test"/>
  <system-out/>
</testsuite> <!-- test.Personalinfo1test -->
