<?xml version="1.0" encoding="UTF-8"?>
<!-- Generated by org.testng.reporters.JUnitReportReporter -->
<testsuite skipped="0" hostname="DESKTOP-65RRAID" name="test.LandingTest" tests="1" failures="0" timestamp="2021-03-18T17:38:37 EDT" time="16.954" errors="0">
  <testcase name="headersouldisplay" time="16.954" classname="test.LandingTest"/>
  <system-out/>
</testsuite> <!-- test.LandingTest -->
