<?xml version="1.0" encoding="UTF-8"?>
<!-- Generated by org.testng.reporters.JUnitReportReporter -->
<testsuite skipped="0" hostname="DESKTOP-65RRAID" name="test.Personalinfotest" tests="1" failures="0" timestamp="2021-03-18T17:39:25 EDT" time="20.465" errors="0">
  <testcase name="Usershouldbeabletofilloutform" time="20.465" classname="test.Personalinfotest"/>
  <system-out/>
</testsuite> <!-- test.Personalinfotest -->
